------------------------------Start------------------------------
2018-06-22 10:19:42.5736 - ERROR:Error Wchl.WMBlog.Common.Log.NLogLogger.Error(E:\My_Projects\Wchl.WMBlog\Wchl.WMBlog.Common\Log\NLogLogger.cs:30) Autofac.Core.DependencyResolutionException An error occurred during the activation of a particular registration. See the inner exception for details. Registration: Activator = RedisCacheManager (ReflectionActivator), Services = [Wchl.WMBlog.Common.Cache.ICacheManager], Lifetime = Autofac.Core.Lifetime.CurrentScopeLifetime, Sharing = None, Ownership = OwnedByLifetimeScope ---> An exception was thrown while invoking the constructor 'Void .ctor()' on type 'RedisCacheManager'. ---> It was not possible to connect to the redis server(s); to create a disconnected multiplexer, disable AbortOnConnectFail. SocketFailure on PING (See inner exception for details.) (See inner exception for details.) System.Object Activate(System.Collections.Generic.IEnumerable`1[Autofac.Core.Parameter])    at Autofac.Core.Resolving.InstanceLookup.Activate(IEnumerable`1 parameters)
   at Autofac.Core.Resolving.InstanceLookup.Execute()
   at Autofac.Core.Resolving.ResolveOperation.GetOrCreateInstance(ISharingLifetimeScope currentOperationScope, IComponentRegistration registration, IEnumerable`1 parameters)
   at Autofac.Core.Resolving.ResolveOperation.Execute(IComponentRegistration registration, IEnumerable`1 parameters)
   at Autofac.ResolutionExtensions.TryResolveService(IComponentContext context, Service service, IEnumerable`1 parameters, Object& instance)
   at Autofac.ResolutionExtensions.ResolveService(IComponentContext context, Service service, IEnumerable`1 parameters)
   at Autofac.ResolutionExtensions.Resolve[TService](IComponentContext context, IEnumerable`1 parameters)
   at Wchl.WMBlog.WebCore.Filters.CheckLoginAttribute.OnActionExecuting(ActionExecutingContext filterContext) in E:\My_Projects\Wchl.WMBlog\Wchl.WMBlog.WebCore\Filters\CheckLoginAttribute.cs:line 27
   at System.Web.Mvc.Async.AsyncControllerActionInvoker.AsyncInvocationWithFilters.InvokeActionMethodFilterAsynchronouslyRecursive(Int32 filterIndex)
   at System.Web.Mvc.Async.AsyncControllerActionInvoker.AsyncInvocationWithFilters.InvokeActionMethodFilterAsynchronouslyRecursive(Int32 filterIndex)
   at System.Web.Mvc.Async.AsyncControllerActionInvoker.<>c__DisplayClass33.<BeginInvokeActionMethodWithFilters>b__31(AsyncCallback asyncCallback, Object asyncState)
   at System.Web.Mvc.Async.AsyncResultWrapper.WrappedAsyncResultBase`1.Begin(AsyncCallback callback, Object state, Int32 timeout)
   at System.Web.Mvc.Async.AsyncControllerActionInvoker.BeginInvokeActionMethodWithFilters(ControllerContext controllerContext, IList`1 filters, ActionDescriptor actionDescriptor, IDictionary`2 parameters, AsyncCallback callback, Object state)
   at System.Web.Mvc.Async.AsyncControllerActionInvoker.<>c__DisplayClass21.<BeginInvokeAction>b__19(AsyncCallback asyncCallback, Object asyncState)
DependencyResolutionException An exception was thrown while invoking the constructor 'Void .ctor()' on type 'RedisCacheManager'. ---> It was not possible to connect to the redis server(s); to create a disconnected multiplexer, disable AbortOnConnectFail. SocketFailure on PING (See inner exception for details.) System.Object Instantiate()    at Autofac.Core.Activators.Reflection.ConstructorParameterBinding.Instantiate()
   at Autofac.Core.Activators.Reflection.ReflectionActivator.ActivateInstance(IComponentContext context, IEnumerable`1 parameters)
   at Autofac.Core.Resolving.InstanceLookup.Activate(IEnumerable`1 parameters)
RedisConnectionException It was not possible to connect to the redis server(s); to create a disconnected multiplexer, disable AbortOnConnectFail. SocketFailure on PING StackExchange.Redis.ConnectionMultiplexer ConnectImpl(System.Func`1[StackExchange.Redis.ConnectionMultiplexer], System.IO.TextWriter)    at StackExchange.Redis.ConnectionMultiplexer.ConnectImpl(Func`1 multiplexerFactory, TextWriter log)
   at Wchl.WMBlog.Common.Cache.RedisCacheManager.GetRedisConnection() in E:\My_Projects\Wchl.WMBlog\Wchl.WMBlog.Common\Cache\RedisCacheManager.cs:line 44
   at Wchl.WMBlog.Common.Cache.RedisCacheManager..ctor() in E:\My_Projects\Wchl.WMBlog\Wchl.WMBlog.Common\Cache\RedisCacheManager.cs:line 28
   at lambda_method(Closure , Object[] )
   at Autofac.Core.Activators.Reflection.ConstructorParameterBinding.Instantiate()
------------------------------End------------------------------
2018-06-22 16:11:07.0288 - ERROR:Value cannot be null.
Parameter name: predicate Wchl.WMBlog.Common.Log.NLogLogger.Error(E:\My_Projects\Wchl.WMBlog\Wchl.WMBlog.Common\Log\NLogLogger.cs:25) 
2018-06-22 16:13:06.6522 - ERROR:Value cannot be null.
Parameter name: predicate Wchl.WMBlog.Common.Log.NLogLogger.Error(E:\My_Projects\Wchl.WMBlog\Wchl.WMBlog.Common\Log\NLogLogger.cs:25) 
------------------------------End------------------------------
2018-06-22 16:15:41.0914 - ERROR:Value cannot be null.
Parameter name: predicate Wchl.WMBlog.Common.Log.NLogLogger.Error(E:\My_Projects\Wchl.WMBlog\Wchl.WMBlog.Common\Log\NLogLogger.cs:25) 
------------------------------End------------------------------
2018-06-22 19:09:57.8587 - ERROR:The parameters dictionary contains a null entry for parameter 'page' of non-nullable type 'System.Int32' for method 'System.Web.Mvc.ActionResult getGuestbook(Int32, Int32)' in 'Wchl.WMBlog.WebUI.Controllers.BlogController'. An optional parameter must be a reference type, a nullable type, or be declared as an optional parameter.
Parameter name: parameters Wchl.WMBlog.Common.Log.NLogLogger.Error(E:\My_Projects\Wchl.WMBlog\Wchl.WMBlog.Common\Log\NLogLogger.cs:25) 
------------------------------End------------------------------
2018-06-22 19:10:40.9100 - ERROR:Error Wchl.WMBlog.Common.Log.NLogLogger.Error(E:\My_Projects\Wchl.WMBlog\Wchl.WMBlog.Common\Log\NLogLogger.cs:30) System.ArgumentException The parameters dictionary contains a null entry for parameter 'id' of non-nullable type 'System.Int32' for method 'System.Web.Mvc.ActionResult Detail(Int32)' in 'Wchl.WMBlog.WebUI.Controllers.BlogController'. An optional parameter must be a reference type, a nullable type, or be declared as an optional parameter.
Parameter name: parameters System.Object ExtractParameterFromDictionary(System.Reflection.ParameterInfo, System.Collections.Generic.IDictionary`2[System.String,System.Object], System.Reflection.MethodInfo)    at System.Web.Mvc.ActionDescriptor.ExtractParameterFromDictionary(ParameterInfo parameterInfo, IDictionary`2 parameters, MethodInfo methodInfo)
   at System.Web.Mvc.ReflectedActionDescriptor.Execute(ControllerContext controllerContext, IDictionary`2 parameters)
   at System.Web.Mvc.ControllerActionInvoker.InvokeActionMethod(ControllerContext controllerContext, ActionDescriptor actionDescriptor, IDictionary`2 parameters)
   at System.Web.Mvc.Async.AsyncControllerActionInvoker.<BeginInvokeSynchronousActionMethod>b__39(IAsyncResult asyncResult, ActionInvocation innerInvokeState)
   at System.Web.Mvc.Async.AsyncResultWrapper.WrappedAsyncResult`2.CallEndDelegate(IAsyncResult asyncResult)
   at System.Web.Mvc.Async.AsyncResultWrapper.WrappedAsyncResultBase`1.End()
   at System.Web.Mvc.Async.AsyncControllerActionInvoker.EndInvokeActionMethod(IAsyncResult asyncResult)
   at System.Web.Mvc.Async.AsyncControllerActionInvoker.AsyncInvocationWithFilters.<InvokeActionMethodFilterAsynchronouslyRecursive>b__3d()
   at System.Web.Mvc.Async.AsyncControllerActionInvoker.AsyncInvocationWithFilters.<>c__DisplayClass46.<InvokeActionMethodFilterAsynchronouslyRecursive>b__3f()
   at System.Web.Mvc.Async.AsyncControllerActionInvoker.AsyncInvocationWithFilters.<>c__DisplayClass46.<InvokeActionMethodFilterAsynchronouslyRecursive>b__3f()
   at System.Web.Mvc.Async.AsyncControllerActionInvoker.<>c__DisplayClass33.<BeginInvokeActionMethodWithFilters>b__32(IAsyncResult asyncResult)
   at System.Web.Mvc.Async.AsyncResultWrapper.WrappedAsyncResult`1.CallEndDelegate(IAsyncResult asyncResult)
   at System.Web.Mvc.Async.AsyncResultWrapper.WrappedAsyncResultBase`1.End()
   at System.Web.Mvc.Async.AsyncControllerActionInvoker.EndInvokeActionMethodWithFilters(IAsyncResult asyncResult)
   at System.Web.Mvc.Async.AsyncControllerActionInvoker.<>c__DisplayClass21.<>c__DisplayClass2b.<BeginInvokeAction>b__1c()
   at System.Web.Mvc.Async.AsyncControllerActionInvoker.<>c__DisplayClass21.<BeginInvokeAction>b__1e(IAsyncResult asyncResult)
------------------------------End------------------------------
2018-06-22 19:16:12.5902 - ERROR:The parameters dictionary contains a null entry for parameter 'page' of non-nullable type 'System.Int32' for method 'System.Web.Mvc.ActionResult getGuestbook(Int32, Int32)' in 'Wchl.WMBlog.WebUI.Controllers.BlogController'. An optional parameter must be a reference type, a nullable type, or be declared as an optional parameter.
Parameter name: parameters Wchl.WMBlog.Common.Log.NLogLogger.Error(E:\My_Projects\Wchl.WMBlog\Wchl.WMBlog.Common\Log\NLogLogger.cs:25) 
2018-06-22 19:16:35.5642 - ERROR:The parameters dictionary contains a null entry for parameter 'page' of non-nullable type 'System.Int32' for method 'System.Web.Mvc.ActionResult getGuestbook(Int32, Int32)' in 'Wchl.WMBlog.WebUI.Controllers.BlogController'. An optional parameter must be a reference type, a nullable type, or be declared as an optional parameter.
Parameter name: parameters Wchl.WMBlog.Common.Log.NLogLogger.Error(E:\My_Projects\Wchl.WMBlog\Wchl.WMBlog.Common\Log\NLogLogger.cs:25) 
------------------------------End------------------------------
