------------------------------Start------------------------------
2018-06-25 11:08:25.1640 - ERROR:Error Wchl.WMBlog.Common.Log.NLogLogger.Error(E:\My_Projects\Wchl.WMBlog\Wchl.WMBlog.Common\Log\NLogLogger.cs:30) Autofac.Core.DependencyResolutionException An error occurred during the activation of a particular registration. See the inner exception for details. Registration: Activator = RedisCacheManager (ReflectionActivator), Services = [Wchl.WMBlog.Common.Cache.ICacheManager], Lifetime = Autofac.Core.Lifetime.CurrentScopeLifetime, Sharing = None, Ownership = OwnedByLifetimeScope ---> An exception was thrown while invoking the constructor 'Void .ctor()' on type 'RedisCacheManager'. ---> It was not possible to connect to the redis server(s); to create a disconnected multiplexer, disable AbortOnConnectFail. SocketFailure on PING (See inner exception for details.) (See inner exception for details.) System.Object Activate(System.Collections.Generic.IEnumerable`1[Autofac.Core.Parameter])    at Autofac.Core.Resolving.InstanceLookup.Activate(IEnumerable`1 parameters)
   at Autofac.Core.Resolving.InstanceLookup.Execute()
   at Autofac.Core.Resolving.ResolveOperation.GetOrCreateInstance(ISharingLifetimeScope currentOperationScope, IComponentRegistration registration, IEnumerable`1 parameters)
   at Autofac.Core.Resolving.ResolveOperation.Execute(IComponentRegistration registration, IEnumerable`1 parameters)
   at Autofac.ResolutionExtensions.TryResolveService(IComponentContext context, Service service, IEnumerable`1 parameters, Object& instance)
   at Autofac.ResolutionExtensions.ResolveService(IComponentContext context, Service service, IEnumerable`1 parameters)
   at Autofac.ResolutionExtensions.Resolve[TService](IComponentContext context, IEnumerable`1 parameters)
   at Wchl.WMBlog.WebCore.Filters.CheckLoginAttribute.OnActionExecuting(ActionExecutingContext filterContext) in E:\My_Projects\Wchl.WMBlog\Wchl.WMBlog.WebCore\Filters\CheckLoginAttribute.cs:line 27
   at System.Web.Mvc.Async.AsyncControllerActionInvoker.AsyncInvocationWithFilters.InvokeActionMethodFilterAsynchronouslyRecursive(Int32 filterIndex)
   at System.Web.Mvc.Async.AsyncControllerActionInvoker.AsyncInvocationWithFilters.InvokeActionMethodFilterAsynchronouslyRecursive(Int32 filterIndex)
   at System.Web.Mvc.Async.AsyncControllerActionInvoker.<>c__DisplayClass33.<BeginInvokeActionMethodWithFilters>b__31(AsyncCallback asyncCallback, Object asyncState)
   at System.Web.Mvc.Async.AsyncResultWrapper.WrappedAsyncResultBase`1.Begin(AsyncCallback callback, Object state, Int32 timeout)
   at System.Web.Mvc.Async.AsyncControllerActionInvoker.BeginInvokeActionMethodWithFilters(ControllerContext controllerContext, IList`1 filters, ActionDescriptor actionDescriptor, IDictionary`2 parameters, AsyncCallback callback, Object state)
   at System.Web.Mvc.Async.AsyncControllerActionInvoker.<>c__DisplayClass21.<BeginInvokeAction>b__19(AsyncCallback asyncCallback, Object asyncState)
DependencyResolutionException An exception was thrown while invoking the constructor 'Void .ctor()' on type 'RedisCacheManager'. ---> It was not possible to connect to the redis server(s); to create a disconnected multiplexer, disable AbortOnConnectFail. SocketFailure on PING (See inner exception for details.) System.Object Instantiate()    at Autofac.Core.Activators.Reflection.ConstructorParameterBinding.Instantiate()
   at Autofac.Core.Activators.Reflection.ReflectionActivator.ActivateInstance(IComponentContext context, IEnumerable`1 parameters)
   at Autofac.Core.Resolving.InstanceLookup.Activate(IEnumerable`1 parameters)
RedisConnectionException It was not possible to connect to the redis server(s); to create a disconnected multiplexer, disable AbortOnConnectFail. SocketFailure on PING StackExchange.Redis.ConnectionMultiplexer ConnectImpl(System.Func`1[StackExchange.Redis.ConnectionMultiplexer], System.IO.TextWriter)    at StackExchange.Redis.ConnectionMultiplexer.ConnectImpl(Func`1 multiplexerFactory, TextWriter log)
   at Wchl.WMBlog.Common.Cache.RedisCacheManager.GetRedisConnection() in E:\My_Projects\Wchl.WMBlog\Wchl.WMBlog.Common\Cache\RedisCacheManager.cs:line 44
   at Wchl.WMBlog.Common.Cache.RedisCacheManager..ctor() in E:\My_Projects\Wchl.WMBlog\Wchl.WMBlog.Common\Cache\RedisCacheManager.cs:line 28
   at lambda_method(Closure , Object[] )
   at Autofac.Core.Activators.Reflection.ConstructorParameterBinding.Instantiate()
2018-06-25 11:08:25.1640 - ERROR:Error Wchl.WMBlog.Common.Log.NLogLogger.Error(E:\My_Projects\Wchl.WMBlog\Wchl.WMBlog.Common\Log\NLogLogger.cs:30) Autofac.Core.DependencyResolutionException An error occurred during the activation of a particular registration. See the inner exception for details. Registration: Activator = RedisCacheManager (ReflectionActivator), Services = [Wchl.WMBlog.Common.Cache.ICacheManager], Lifetime = Autofac.Core.Lifetime.CurrentScopeLifetime, Sharing = None, Ownership = OwnedByLifetimeScope ---> An exception was thrown while invoking the constructor 'Void .ctor()' on type 'RedisCacheManager'. ---> It was not possible to connect to the redis server(s); to create a disconnected multiplexer, disable AbortOnConnectFail. SocketFailure on PING (See inner exception for details.) (See inner exception for details.) System.Object Activate(System.Collections.Generic.IEnumerable`1[Autofac.Core.Parameter])    at Autofac.Core.Resolving.InstanceLookup.Activate(IEnumerable`1 parameters)
   at Autofac.Core.Resolving.InstanceLookup.Execute()
   at Autofac.Core.Resolving.ResolveOperation.GetOrCreateInstance(ISharingLifetimeScope currentOperationScope, IComponentRegistration registration, IEnumerable`1 parameters)
   at Autofac.Core.Resolving.ResolveOperation.Execute(IComponentRegistration registration, IEnumerable`1 parameters)
   at Autofac.ResolutionExtensions.TryResolveService(IComponentContext context, Service service, IEnumerable`1 parameters, Object& instance)
   at Autofac.ResolutionExtensions.ResolveService(IComponentContext context, Service service, IEnumerable`1 parameters)
   at Autofac.ResolutionExtensions.Resolve[TService](IComponentContext context, IEnumerable`1 parameters)
   at Wchl.WMBlog.WebCore.Filters.CheckLoginAttribute.OnActionExecuting(ActionExecutingContext filterContext) in E:\My_Projects\Wchl.WMBlog\Wchl.WMBlog.WebCore\Filters\CheckLoginAttribute.cs:line 27
   at System.Web.Mvc.Async.AsyncControllerActionInvoker.AsyncInvocationWithFilters.InvokeActionMethodFilterAsynchronouslyRecursive(Int32 filterIndex)
   at System.Web.Mvc.Async.AsyncControllerActionInvoker.AsyncInvocationWithFilters.InvokeActionMethodFilterAsynchronouslyRecursive(Int32 filterIndex)
   at System.Web.Mvc.Async.AsyncControllerActionInvoker.<>c__DisplayClass33.<BeginInvokeActionMethodWithFilters>b__31(AsyncCallback asyncCallback, Object asyncState)
   at System.Web.Mvc.Async.AsyncResultWrapper.WrappedAsyncResultBase`1.Begin(AsyncCallback callback, Object state, Int32 timeout)
   at System.Web.Mvc.Async.AsyncControllerActionInvoker.BeginInvokeActionMethodWithFilters(ControllerContext controllerContext, IList`1 filters, ActionDescriptor actionDescriptor, IDictionary`2 parameters, AsyncCallback callback, Object state)
   at System.Web.Mvc.Async.AsyncControllerActionInvoker.<>c__DisplayClass21.<BeginInvokeAction>b__19(AsyncCallback asyncCallback, Object asyncState)
DependencyResolutionException An exception was thrown while invoking the constructor 'Void .ctor()' on type 'RedisCacheManager'. ---> It was not possible to connect to the redis server(s); to create a disconnected multiplexer, disable AbortOnConnectFail. SocketFailure on PING (See inner exception for details.) System.Object Instantiate()    at Autofac.Core.Activators.Reflection.ConstructorParameterBinding.Instantiate()
   at Autofac.Core.Activators.Reflection.ReflectionActivator.ActivateInstance(IComponentContext context, IEnumerable`1 parameters)
   at Autofac.Core.Resolving.InstanceLookup.Activate(IEnumerable`1 parameters)
RedisConnectionException It was not possible to connect to the redis server(s); to create a disconnected multiplexer, disable AbortOnConnectFail. SocketFailure on PING StackExchange.Redis.ConnectionMultiplexer ConnectImpl(System.Func`1[StackExchange.Redis.ConnectionMultiplexer], System.IO.TextWriter)    at StackExchange.Redis.ConnectionMultiplexer.ConnectImpl(Func`1 multiplexerFactory, TextWriter log)
   at Wchl.WMBlog.Common.Cache.RedisCacheManager.GetRedisConnection() in E:\My_Projects\Wchl.WMBlog\Wchl.WMBlog.Common\Cache\RedisCacheManager.cs:line 44
   at Wchl.WMBlog.Common.Cache.RedisCacheManager..ctor() in E:\My_Projects\Wchl.WMBlog\Wchl.WMBlog.Common\Cache\RedisCacheManager.cs:line 28
   at lambda_method(Closure , Object[] )
   at Autofac.Core.Activators.Reflection.ConstructorParameterBinding.Instantiate()
------------------------------End------------------------------
2018-06-25 11:38:44.7776 - ERROR:Error Wchl.WMBlog.Common.Log.NLogLogger.Error(E:\My_Projects\Wchl.WMBlog\Wchl.WMBlog.Common\Log\NLogLogger.cs:30) System.InvalidOperationException The model backing the 'WMBlogDB' context has changed since the database was created. Consider using Code First Migrations to update the database (http://go.microsoft.com/fwlink/?LinkId=238269). Void InitializeDatabase(TContext)    at System.Data.Entity.CreateDatabaseIfNotExists`1.InitializeDatabase(TContext context)
   at System.Data.Entity.Internal.InternalContext.<>c__DisplayClassf`1.<CreateInitializationAction>b__e()
   at System.Data.Entity.Internal.InternalContext.PerformInitializationAction(Action action)
   at System.Data.Entity.Internal.InternalContext.PerformDatabaseInitialization()
   at System.Data.Entity.Internal.LazyInternalContext.<InitializeDatabase>b__4(InternalContext c)
   at System.Data.Entity.Internal.RetryAction`1.PerformAction(TInput input)
   at System.Data.Entity.Internal.LazyInternalContext.InitializeDatabaseAction(Action`1 action)
   at System.Data.Entity.Internal.LazyInternalContext.InitializeDatabase()
   at System.Data.Entity.Internal.InternalContext.GetEntitySetAndBaseTypeForType(Type entityType)
   at System.Data.Entity.Internal.Linq.InternalSet`1.Initialize()
   at System.Data.Entity.Internal.Linq.InternalSet`1.get_InternalContext()
   at System.Data.Entity.Infrastructure.DbQuery`1.System.Linq.IQueryable.get_Provider()
   at System.Linq.Queryable.Where[TSource](IQueryable`1 source, Expression`1 predicate)
   at Wchl.WMBlog.Repository.Base.BaseRepository`1.QueryWhere(Expression`1 predicate) in E:\My_Projects\Wchl.WMBlog\Wchl.WMBlog.Repository\Base\BaseRepository.cs:line 52
   at Wchl.WMBlog.Services.Base.BaseServices`1.QueryWhere(Expression`1 predicate) in E:\My_Projects\Wchl.WMBlog\Wchl.WMBlog.Services\Base\BaseServices.cs:line 25
   at Wchl.WMBlog.WebUI.Controllers.HomeController.Index(Int32 pageindex) in E:\My_Projects\Wchl.WMBlog\Wchl.WMBlog.WebUI\Controllers\HomeController.cs:line 41
   at lambda_method(Closure , ControllerBase , Object[] )
   at System.Web.Mvc.ActionMethodDispatcher.Execute(ControllerBase controller, Object[] parameters)
   at System.Web.Mvc.ReflectedActionDescriptor.Execute(ControllerContext controllerContext, IDictionary`2 parameters)
   at System.Web.Mvc.ControllerActionInvoker.InvokeActionMethod(ControllerContext controllerContext, ActionDescriptor actionDescriptor, IDictionary`2 parameters)
   at System.Web.Mvc.Async.AsyncControllerActionInvoker.<BeginInvokeSynchronousActionMethod>b__39(IAsyncResult asyncResult, ActionInvocation innerInvokeState)
   at System.Web.Mvc.Async.AsyncResultWrapper.WrappedAsyncResult`2.CallEndDelegate(IAsyncResult asyncResult)
   at System.Web.Mvc.Async.AsyncResultWrapper.WrappedAsyncResultBase`1.End()
   at System.Web.Mvc.Async.AsyncControllerActionInvoker.EndInvokeActionMethod(IAsyncResult asyncResult)
   at System.Web.Mvc.Async.AsyncControllerActionInvoker.AsyncInvocationWithFilters.<InvokeActionMethodFilterAsynchronouslyRecursive>b__3d()
   at System.Web.Mvc.Async.AsyncControllerActionInvoker.AsyncInvocationWithFilters.<>c__DisplayClass46.<InvokeActionMethodFilterAsynchronouslyRecursive>b__3f()
   at System.Web.Mvc.Async.AsyncControllerActionInvoker.AsyncInvocationWithFilters.<>c__DisplayClass46.<InvokeActionMethodFilterAsynchronouslyRecursive>b__3f()
   at System.Web.Mvc.Async.AsyncControllerActionInvoker.<>c__DisplayClass33.<BeginInvokeActionMethodWithFilters>b__32(IAsyncResult asyncResult)
   at System.Web.Mvc.Async.AsyncResultWrapper.WrappedAsyncResult`1.CallEndDelegate(IAsyncResult asyncResult)
   at System.Web.Mvc.Async.AsyncResultWrapper.WrappedAsyncResultBase`1.End()
   at System.Web.Mvc.Async.AsyncControllerActionInvoker.EndInvokeActionMethodWithFilters(IAsyncResult asyncResult)
   at System.Web.Mvc.Async.AsyncControllerActionInvoker.<>c__DisplayClass21.<>c__DisplayClass2b.<BeginInvokeAction>b__1c()
   at System.Web.Mvc.Async.AsyncControllerActionInvoker.<>c__DisplayClass21.<BeginInvokeAction>b__1e(IAsyncResult asyncResult)
------------------------------End------------------------------
2018-06-25 12:02:49.7171 - ERROR:Error Wchl.WMBlog.Common.Log.NLogLogger.Error(E:\My_Projects\Wchl.WMBlog\Wchl.WMBlog.Common\Log\NLogLogger.cs:30) System.InvalidOperationException The model backing the 'WMBlogDB' context has changed since the database was created. Consider using Code First Migrations to update the database (http://go.microsoft.com/fwlink/?LinkId=238269). Void InitializeDatabase(TContext)    at System.Data.Entity.CreateDatabaseIfNotExists`1.InitializeDatabase(TContext context)
   at System.Data.Entity.Internal.InternalContext.<>c__DisplayClassf`1.<CreateInitializationAction>b__e()
   at System.Data.Entity.Internal.InternalContext.PerformInitializationAction(Action action)
   at System.Data.Entity.Internal.InternalContext.PerformDatabaseInitialization()
   at System.Data.Entity.Internal.LazyInternalContext.<InitializeDatabase>b__4(InternalContext c)
   at System.Data.Entity.Internal.RetryAction`1.PerformAction(TInput input)
   at System.Data.Entity.Internal.LazyInternalContext.InitializeDatabaseAction(Action`1 action)
   at System.Data.Entity.Internal.LazyInternalContext.InitializeDatabase()
   at System.Data.Entity.Internal.InternalContext.GetEntitySetAndBaseTypeForType(Type entityType)
   at System.Data.Entity.Internal.Linq.InternalSet`1.Initialize()
   at System.Data.Entity.Internal.Linq.InternalSet`1.get_InternalContext()
   at System.Data.Entity.Infrastructure.DbQuery`1.System.Linq.IQueryable.get_Provider()
   at System.Linq.Queryable.Where[TSource](IQueryable`1 source, Expression`1 predicate)
   at Wchl.WMBlog.Repository.Base.BaseRepository`1.QueryWhere(Expression`1 predicate) in E:\My_Projects\Wchl.WMBlog\Wchl.WMBlog.Repository\Base\BaseRepository.cs:line 52
   at Wchl.WMBlog.Services.Base.BaseServices`1.QueryWhere(Expression`1 predicate) in E:\My_Projects\Wchl.WMBlog\Wchl.WMBlog.Services\Base\BaseServices.cs:line 25
   at Wchl.WMBlog.WebUI.Controllers.HomeController.Index(Int32 pageindex) in E:\My_Projects\Wchl.WMBlog\Wchl.WMBlog.WebUI\Controllers\HomeController.cs:line 41
   at lambda_method(Closure , ControllerBase , Object[] )
   at System.Web.Mvc.ActionMethodDispatcher.Execute(ControllerBase controller, Object[] parameters)
   at System.Web.Mvc.ReflectedActionDescriptor.Execute(ControllerContext controllerContext, IDictionary`2 parameters)
   at System.Web.Mvc.ControllerActionInvoker.InvokeActionMethod(ControllerContext controllerContext, ActionDescriptor actionDescriptor, IDictionary`2 parameters)
   at System.Web.Mvc.Async.AsyncControllerActionInvoker.<BeginInvokeSynchronousActionMethod>b__39(IAsyncResult asyncResult, ActionInvocation innerInvokeState)
   at System.Web.Mvc.Async.AsyncResultWrapper.WrappedAsyncResult`2.CallEndDelegate(IAsyncResult asyncResult)
   at System.Web.Mvc.Async.AsyncResultWrapper.WrappedAsyncResultBase`1.End()
   at System.Web.Mvc.Async.AsyncControllerActionInvoker.EndInvokeActionMethod(IAsyncResult asyncResult)
   at System.Web.Mvc.Async.AsyncControllerActionInvoker.AsyncInvocationWithFilters.<InvokeActionMethodFilterAsynchronouslyRecursive>b__3d()
   at System.Web.Mvc.Async.AsyncControllerActionInvoker.AsyncInvocationWithFilters.<>c__DisplayClass46.<InvokeActionMethodFilterAsynchronouslyRecursive>b__3f()
   at System.Web.Mvc.Async.AsyncControllerActionInvoker.AsyncInvocationWithFilters.<>c__DisplayClass46.<InvokeActionMethodFilterAsynchronouslyRecursive>b__3f()
   at System.Web.Mvc.Async.AsyncControllerActionInvoker.<>c__DisplayClass33.<BeginInvokeActionMethodWithFilters>b__32(IAsyncResult asyncResult)
   at System.Web.Mvc.Async.AsyncResultWrapper.WrappedAsyncResult`1.CallEndDelegate(IAsyncResult asyncResult)
   at System.Web.Mvc.Async.AsyncResultWrapper.WrappedAsyncResultBase`1.End()
   at System.Web.Mvc.Async.AsyncControllerActionInvoker.EndInvokeActionMethodWithFilters(IAsyncResult asyncResult)
   at System.Web.Mvc.Async.AsyncControllerActionInvoker.<>c__DisplayClass21.<>c__DisplayClass2b.<BeginInvokeAction>b__1c()
   at System.Web.Mvc.Async.AsyncControllerActionInvoker.<>c__DisplayClass21.<BeginInvokeAction>b__1e(IAsyncResult asyncResult)
------------------------------End------------------------------
2018-06-25 12:53:30.8234 - ERROR:The parameters dictionary contains a null entry for parameter 'page' of non-nullable type 'System.Int32' for method 'System.Web.Mvc.ActionResult getGuestbook(Int32, Int32)' in 'Wchl.WMBlog.WebUI.Controllers.BlogController'. An optional parameter must be a reference type, a nullable type, or be declared as an optional parameter.
Parameter name: parameters Wchl.WMBlog.Common.Log.NLogLogger.Error(E:\My_Projects\Wchl.WMBlog\Wchl.WMBlog.Common\Log\NLogLogger.cs:25) 
------------------------------End------------------------------
2018-06-25 13:30:02.9407 - ERROR:The parameters dictionary contains a null entry for parameter 'page' of non-nullable type 'System.Int32' for method 'System.Web.Mvc.ActionResult getGuestbook(Int32, Int32)' in 'Wchl.WMBlog.WebUI.Controllers.BlogController'. An optional parameter must be a reference type, a nullable type, or be declared as an optional parameter.
Parameter name: parameters Wchl.WMBlog.Common.Log.NLogLogger.Error(E:\My_Projects\Wchl.WMBlog\Wchl.WMBlog.Common\Log\NLogLogger.cs:25) 
2018-06-25 13:30:08.2388 - ERROR:The parameters dictionary contains a null entry for parameter 'page' of non-nullable type 'System.Int32' for method 'System.Web.Mvc.ActionResult getGuestbook(Int32, Int32)' in 'Wchl.WMBlog.WebUI.Controllers.BlogController'. An optional parameter must be a reference type, a nullable type, or be declared as an optional parameter.
Parameter name: parameters Wchl.WMBlog.Common.Log.NLogLogger.Error(E:\My_Projects\Wchl.WMBlog\Wchl.WMBlog.Common\Log\NLogLogger.cs:25) 
------------------------------End------------------------------
2018-06-25 13:37:12.3430 - ERROR:The parameters dictionary contains a null entry for parameter 'page' of non-nullable type 'System.Int32' for method 'System.Web.Mvc.ActionResult getGuestbook(Int32, Int32)' in 'Wchl.WMBlog.WebUI.Controllers.BlogController'. An optional parameter must be a reference type, a nullable type, or be declared as an optional parameter.
Parameter name: parameters Wchl.WMBlog.Common.Log.NLogLogger.Error(E:\My_Projects\Wchl.WMBlog\Wchl.WMBlog.Common\Log\NLogLogger.cs:25) 
2018-06-25 13:41:47.1850 - ERROR:The parameters dictionary contains a null entry for parameter 'page' of non-nullable type 'System.Int32' for method 'System.Web.Mvc.ActionResult getGuestbook(Int32, Int32)' in 'Wchl.WMBlog.WebUI.Controllers.BlogController'. An optional parameter must be a reference type, a nullable type, or be declared as an optional parameter.
Parameter name: parameters Wchl.WMBlog.Common.Log.NLogLogger.Error(E:\My_Projects\Wchl.WMBlog\Wchl.WMBlog.Common\Log\NLogLogger.cs:25) 
2018-06-25 13:41:57.6591 - ERROR:The parameters dictionary contains a null entry for parameter 'page' of non-nullable type 'System.Int32' for method 'System.Web.Mvc.ActionResult getGuestbook(Int32, Int32)' in 'Wchl.WMBlog.WebUI.Controllers.BlogController'. An optional parameter must be a reference type, a nullable type, or be declared as an optional parameter.
Parameter name: parameters Wchl.WMBlog.Common.Log.NLogLogger.Error(E:\My_Projects\Wchl.WMBlog\Wchl.WMBlog.Common\Log\NLogLogger.cs:25) 
------------------------------End------------------------------
2018-06-25 17:27:53.4137 - ERROR:? datetime2 ????? datetime ??????????????????
?????? Wchl.WMBlog.Common.Log.NLogLogger.Error(E:\My_Projects\Wchl.WMBlog\Wchl.WMBlog.Common\Log\NLogLogger.cs:25) 
2018-06-25 17:37:41.6304 - ERROR:Error Wchl.WMBlog.Common.Log.NLogLogger.Error(E:\My_Projects\Wchl.WMBlog\Wchl.WMBlog.Common\Log\NLogLogger.cs:30) System.Data.Entity.Infrastructure.DbUpdateException An error occurred while updating the entries. See the inner exception for details. Int32 SaveChanges()    at System.Data.Entity.Internal.InternalContext.SaveChanges()
   at System.Data.Entity.Internal.LazyInternalContext.SaveChanges()
   at System.Data.Entity.DbContext.SaveChanges()
   at Wchl.WMBlog.Repository.Base.BaseRepository`1.SaverChanges() in E:\My_Projects\Wchl.WMBlog\Wchl.WMBlog.Repository\Base\BaseRepository.cs:line 210
   at Wchl.WMBlog.Services.Base.BaseServices`1.SaverChanges() in E:\My_Projects\Wchl.WMBlog\Wchl.WMBlog.Services\Base\BaseServices.cs:line 126
   at Wchl.WMBlog.WebUI.Areas.admin.Controllers.UserInfoController.Add(sysUserInfo model) in E:\My_Projects\Wchl.WMBlog\Wchl.WMBlog.WebUI\Areas\admin\Controllers\UserInfoController.cs:line 34
   at lambda_method(Closure , ControllerBase , Object[] )
   at System.Web.Mvc.ActionMethodDispatcher.Execute(ControllerBase controller, Object[] parameters)
   at System.Web.Mvc.ReflectedActionDescriptor.Execute(ControllerContext controllerContext, IDictionary`2 parameters)
   at System.Web.Mvc.ControllerActionInvoker.InvokeActionMethod(ControllerContext controllerContext, ActionDescriptor actionDescriptor, IDictionary`2 parameters)
   at System.Web.Mvc.Async.AsyncControllerActionInvoker.<BeginInvokeSynchronousActionMethod>b__39(IAsyncResult asyncResult, ActionInvocation innerInvokeState)
   at System.Web.Mvc.Async.AsyncResultWrapper.WrappedAsyncResult`2.CallEndDelegate(IAsyncResult asyncResult)
   at System.Web.Mvc.Async.AsyncResultWrapper.WrappedAsyncResultBase`1.End()
   at System.Web.Mvc.Async.AsyncControllerActionInvoker.EndInvokeActionMethod(IAsyncResult asyncResult)
   at System.Web.Mvc.Async.AsyncControllerActionInvoker.AsyncInvocationWithFilters.<InvokeActionMethodFilterAsynchronouslyRecursive>b__3d()
   at System.Web.Mvc.Async.AsyncControllerActionInvoker.AsyncInvocationWithFilters.<>c__DisplayClass46.<InvokeActionMethodFilterAsynchronouslyRecursive>b__3f()
   at System.Web.Mvc.Async.AsyncControllerActionInvoker.AsyncInvocationWithFilters.<>c__DisplayClass46.<InvokeActionMethodFilterAsynchronouslyRecursive>b__3f()
   at System.Web.Mvc.Async.AsyncControllerActionInvoker.<>c__DisplayClass33.<BeginInvokeActionMethodWithFilters>b__32(IAsyncResult asyncResult)
   at System.Web.Mvc.Async.AsyncResultWrapper.WrappedAsyncResult`1.CallEndDelegate(IAsyncResult asyncResult)
   at System.Web.Mvc.Async.AsyncResultWrapper.WrappedAsyncResultBase`1.End()
   at System.Web.Mvc.Async.AsyncControllerActionInvoker.EndInvokeActionMethodWithFilters(IAsyncResult asyncResult)
   at System.Web.Mvc.Async.AsyncControllerActionInvoker.<>c__DisplayClass21.<>c__DisplayClass2b.<BeginInvokeAction>b__1c()
   at System.Web.Mvc.Async.AsyncControllerActionInvoker.<>c__DisplayClass21.<BeginInvokeAction>b__1e(IAsyncResult asyncResult)
UpdateException An error occurred while updating the entries. See the inner exception for details. Int32 Update()    at System.Data.Entity.Core.Mapping.Update.Internal.UpdateTranslator.Update()
   at System.Data.Entity.Core.EntityClient.Internal.EntityAdapter.<Update>b__2(UpdateTranslator ut)
   at System.Data.Entity.Core.EntityClient.Internal.EntityAdapter.Update[T](T noChangesResult, Func`2 updateFunction)
   at System.Data.Entity.Core.EntityClient.Internal.EntityAdapter.Update()
   at System.Data.Entity.Core.Objects.ObjectContext.<SaveChangesToStore>b__35()
   at System.Data.Entity.Core.Objects.ObjectContext.ExecuteInTransaction[T](Func`1 func, IDbExecutionStrategy executionStrategy, Boolean startLocalTransaction, Boolean releaseConnectionOnSuccess)
   at System.Data.Entity.Core.Objects.ObjectContext.SaveChangesToStore(SaveOptions options, IDbExecutionStrategy executionStrategy, Boolean startLocalTransaction)
   at System.Data.Entity.Core.Objects.ObjectContext.<>c__DisplayClass2a.<SaveChangesInternal>b__27()
   at System.Data.Entity.SqlServer.DefaultSqlExecutionStrategy.Execute[TResult](Func`1 operation)
   at System.Data.Entity.Core.Objects.ObjectContext.SaveChangesInternal(SaveOptions options, Boolean executeInExistingTransaction)
   at System.Data.Entity.Core.Objects.ObjectContext.SaveChanges(SaveOptions options)
   at System.Data.Entity.Internal.InternalContext.SaveChanges()
SqlException ? datetime2 ????? datetime ??????????????????
?????? Void OnError(System.Data.SqlClient.SqlException, Boolean, System.Action`1[System.Action])    at System.Data.SqlClient.SqlConnection.OnError(SqlException exception, Boolean breakConnection, Action`1 wrapCloseInAction)
   at System.Data.SqlClient.SqlInternalConnection.OnError(SqlException exception, Boolean breakConnection, Action`1 wrapCloseInAction)
   at System.Data.SqlClient.TdsParser.ThrowExceptionAndWarning(TdsParserStateObject stateObj, Boolean callerHasConnectionLock, Boolean asyncClose)
   at System.Data.SqlClient.TdsParser.TryRun(RunBehavior runBehavior, SqlCommand cmdHandler, SqlDataReader dataStream, BulkCopySimpleResultSet bulkCopyHandler, TdsParserStateObject stateObj, Boolean& dataReady)
   at System.Data.SqlClient.SqlDataReader.TryConsumeMetaData()
   at System.Data.SqlClient.SqlDataReader.get_MetaData()
   at System.Data.SqlClient.SqlCommand.FinishExecuteReader(SqlDataReader ds, RunBehavior runBehavior, String resetOptionsString, Boolean isInternal, Boolean forDescribeParameterEncryption, Boolean shouldCacheForAlwaysEncrypted)
   at System.Data.SqlClient.SqlCommand.RunExecuteReaderTds(CommandBehavior cmdBehavior, RunBehavior runBehavior, Boolean returnStream, Boolean async, Int32 timeout, Task& task, Boolean asyncWrite, Boolean inRetry, SqlDataReader ds, Boolean describeParameterEncryptionRequest)
   at System.Data.SqlClient.SqlCommand.RunExecuteReader(CommandBehavior cmdBehavior, RunBehavior runBehavior, Boolean returnStream, String method, TaskCompletionSource`1 completion, Int32 timeout, Task& task, Boolean& usedCache, Boolean asyncWrite, Boolean inRetry)
   at System.Data.SqlClient.SqlCommand.RunExecuteReader(CommandBehavior cmdBehavior, RunBehavior runBehavior, Boolean returnStream, String method)
   at System.Data.SqlClient.SqlCommand.ExecuteReader(CommandBehavior behavior, String method)
   at System.Data.SqlClient.SqlCommand.ExecuteDbDataReader(CommandBehavior behavior)
   at System.Data.Common.DbCommand.ExecuteReader(CommandBehavior behavior)
   at System.Data.Entity.Infrastructure.Interception.DbCommandDispatcher.<Reader>b__c(DbCommand t, DbCommandInterceptionContext`1 c)
   at System.Data.Entity.Infrastructure.Interception.InternalDispatcher`1.Dispatch[TTarget,TInterceptionContext,TResult](TTarget target, Func`3 operation, TInterceptionContext interceptionContext, Action`3 executing, Action`3 executed)
   at System.Data.Entity.Infrastructure.Interception.DbCommandDispatcher.Reader(DbCommand command, DbCommandInterceptionContext interceptionContext)
   at System.Data.Entity.Internal.InterceptableDbCommand.ExecuteDbDataReader(CommandBehavior behavior)
   at System.Data.Common.DbCommand.ExecuteReader(CommandBehavior behavior)
   at System.Data.Entity.Core.Mapping.Update.Internal.DynamicUpdateCommand.Execute(Dictionary`2 identifierValues, List`1 generatedValues)
   at System.Data.Entity.Core.Mapping.Update.Internal.UpdateTranslator.Update()
------------------------------End------------------------------
